<?xml version="1.0" encoding="UTF-8"?>
<coverage generated="1668024764429" clover="3.2.0">
  <project timestamp="1668024764429" name="All files">
    <metrics statements="6" coveredstatements="6" conditionals="0" coveredconditionals="0" methods="2" coveredmethods="2" elements="8" coveredelements="8" complexity="0" loc="6" ncloc="6" packages="1" files="2" classes="2"/>
    <file name="addtodos.js" path="C:\Users\kurd tech\Desktop\Microverse\Module 2\solo projects\todolist\To-Do-list\src\js\addtodos.js">
      <metrics statements="3" coveredstatements="3" conditionals="0" coveredconditionals="0" methods="1" coveredmethods="1"/>
      <line num="2" count="1" type="stmt"/>
      <line num="3" count="1" type="stmt"/>
      <line num="6" count="1" type="stmt"/>
    </file>
    <file name="deletetodo.js" path="C:\Users\kurd tech\Desktop\Microverse\Module 2\solo projects\todolist\To-Do-list\src\js\deletetodo.js">
      <metrics statements="3" coveredstatements="3" conditionals="0" coveredconditionals="0" methods="1" coveredmethods="1"/>
      <line num="2" count="1" type="stmt"/>
      <line num="3" count="1" type="stmt"/>
      <line num="6" count="1" type="stmt"/>
    </file>
  </project>
</coverage>
