{"C:\\Users\\kurd tech\\Desktop\\Microverse\\Module 2\\solo projects\\todolist\\To-Do-list\\src\\js\\addtodos.js": {"path":"C:\\Users\\kurd tech\\Desktop\\Microverse\\Module 2\\solo projects\\todolist\\To-Do-list\\src\\js\\addtodos.js","statementMap":{"0":{"start":{"line":2,"column":2},"end":{"line":2,"column":19}},"1":{"start":{"line":3,"column":2},"end":{"line":3,"column":15}},"2":{"start":{"line":6,"column":0},"end":{"line":6,"column":27}}},"fnMap":{"0":{"name":"addAnItem","decl":{"start":{"line":1,"column":9},"end":{"line":1,"column":18}},"loc":{"start":{"line":1,"column":32},"end":{"line":4,"column":1}},"line":1}},"branchMap":{},"s":{"0":1,"1":1,"2":1},"f":{"0":1},"b":{},"_coverageSchema":"1a1c01bbd47fc00a2c39e90264f33305004495a9","hash":"cbfa32097e54dca8ae0b712345004e995d2a04a0"}
,"C:\\Users\\kurd tech\\Desktop\\Microverse\\Module 2\\solo projects\\todolist\\To-Do-list\\src\\js\\deletetodo.js": {"path":"C:\\Users\\kurd tech\\Desktop\\Microverse\\Module 2\\solo projects\\todolist\\To-Do-list\\src\\js\\deletetodo.js","statementMap":{"0":{"start":{"line":2,"column":2},"end":{"line":2,"column":21}},"1":{"start":{"line":3,"column":2},"end":{"line":3,"column":15}},"2":{"start":{"line":6,"column":0},"end":{"line":6,"column":28}}},"fnMap":{"0":{"name":"deleteItem","decl":{"start":{"line":1,"column":9},"end":{"line":1,"column":19}},"loc":{"start":{"line":1,"column":30},"end":{"line":4,"column":1}},"line":1}},"branchMap":{},"s":{"0":1,"1":1,"2":1},"f":{"0":1},"b":{},"_coverageSchema":"1a1c01bbd47fc00a2c39e90264f33305004495a9","hash":"d823549394968806f01557694be25a0e659492b8"}
}
